Started by user anonymous
Building in workspace d:\dev\jenkins_home\workspace\jenkins-release-test
Fetching changes from the remote Git repository
Fetching upstream changes from git@github.com:patrox/jenkins-release-test.git
using GIT_SSH to set credentials bitbucket key
Checking out Revision 62c06e120938af98d95fedfe08a78d1d22dfc953 (origin/master)
Parsing POMs
using global settings config with name MavenSettingsXML
[jenkins-release-test] $ d:\DEV\jdk1.7.0/bin/java -cp d:\dev\jenkins_home\plugins\maven-plugin\WEB-INF\lib\maven31-agent-1.4.jar;D:\dev\maven\boot\plexus-classworlds-2.5.1.jar;D:\dev\maven/conf/logging jenkins.maven3.agent.Maven31Main D:\dev\maven D:\DEV\tomee\webapps\jenkins\WEB-INF\lib\remoting-2.33.jar d:\dev\jenkins_home\plugins\maven-plugin\WEB-INF\lib\maven31-interceptor-1.4.jar d:\dev\jenkins_home\plugins\maven-plugin\WEB-INF\lib\maven3-interceptor-commons-1.4.jar 3059
<===[JENKINS REMOTING CAPACITY]===>channel started
using global settings config with name MavenSettingsXML
Executing Maven:  -B -f d:\dev\jenkins_home\workspace\jenkins-release-test\pom.xml -gs D:\DEV\tomee\temp\global-settings254987193511196688.xml -DdevelopmentVersion=4.7.2-SNAPSHOT -DreleaseVersion=4.7.1 -Dresume=false release:prepare release:perform
[INFO] Scanning for projects...
[INFO]                                                                         
[INFO] ------------------------------------------------------------------------
[INFO] Building jenkins-release-test 4.7.1-SNAPSHOT
[INFO] ------------------------------------------------------------------------
[INFO] 
[INFO] --- maven-release-plugin:2.2.2:prepare (default-cli) @ jenkins-release-test ---
[INFO] Verifying that there are no local modifications...
[INFO]   ignoring changes on: pom.xml.next, release.properties, pom.xml.releaseBackup, pom.xml.backup, pom.xml.branch, pom.xml.tag
[INFO] Executing: cmd.exe /X /C "git status"
[INFO] Working directory: d:\dev\jenkins_home\workspace\jenkins-release-test
[INFO] Checking dependencies and plugins for snapshots ...
[INFO] Transforming 'jenkins-release-test'...
[INFO] Not generating release POMs
[INFO] Executing goals 'clean verify'...
[INFO] [INFO] Scanning for projects...
[INFO] [INFO]                                                                         
[INFO] [INFO] ------------------------------------------------------------------------
[INFO] [INFO] Building jenkins-release-test 4.7.1
[INFO] [INFO] ------------------------------------------------------------------------
[INFO] [INFO] 
[INFO] [INFO] --- maven-clean-plugin:2.5:clean (default-clean) @ jenkins-release-test ---
[INFO] [INFO] Deleting D:\DEV\jenkins_home\workspace\jenkins-release-test\target
[INFO] [INFO] 
[INFO] [INFO] --- maven-resources-plugin:2.6:resources (default-resources) @ jenkins-release-test ---
[INFO] [INFO] Using 'UTF-8' encoding to copy filtered resources.
[INFO] [INFO] skip non existing resourceDirectory D:\DEV\jenkins_home\workspace\jenkins-release-test\src\main\resources
[INFO] [INFO] 
[INFO] [INFO] --- maven-compiler-plugin:2.5.1:compile (default-compile) @ jenkins-release-test ---
[INFO] [INFO] Compiling 1 source file to D:\DEV\jenkins_home\workspace\jenkins-release-test\target\classes
[INFO] [INFO] 
[INFO] [INFO] --- maven-resources-plugin:2.6:testResources (default-testResources) @ jenkins-release-test ---
[INFO] [INFO] Using 'UTF-8' encoding to copy filtered resources.
[INFO] [INFO] skip non existing resourceDirectory D:\DEV\jenkins_home\workspace\jenkins-release-test\src\test\resources
[INFO] [INFO] 
[INFO] [INFO] --- maven-compiler-plugin:2.5.1:testCompile (default-testCompile) @ jenkins-release-test ---
[INFO] [INFO] Compiling 1 source file to D:\DEV\jenkins_home\workspace\jenkins-release-test\target\test-classes
[INFO] [INFO] 
[INFO] [INFO] --- maven-surefire-plugin:2.12.4:test (default-test) @ jenkins-release-test ---
[INFO] [INFO] Surefire report directory: D:\DEV\jenkins_home\workspace\jenkins-release-test\target\surefire-reports
[INFO] 
[INFO] -------------------------------------------------------
[INFO]  T E S T S
[INFO] -------------------------------------------------------
[INFO] Running com.rtr.sandbox.AppTest
[INFO] Tests run: 1, Failures: 0, Errors: 0, Skipped: 0, Time elapsed: 0.011 sec
[INFO] 
[INFO] Results :
[INFO] 
[INFO] Tests run: 1, Failures: 0, Errors: 0, Skipped: 0
[INFO] 
[INFO] [INFO] 
[INFO] [INFO] --- maven-jar-plugin:2.4:jar (default-jar) @ jenkins-release-test ---
[INFO] [INFO] Building jar: D:\DEV\jenkins_home\workspace\jenkins-release-test\target\jenkins-release-test-4.7.1.jar
[INFO] [INFO] ------------------------------------------------------------------------
[INFO] [INFO] BUILD SUCCESS
[INFO] [INFO] ------------------------------------------------------------------------
[INFO] [INFO] Total time: 5.495s
[INFO] [INFO] Finished at: Wed Jan 29 19:51:53 CET 2014
[INFO] [INFO] Final Memory: 15M/157M
[INFO] [INFO] ------------------------------------------------------------------------
[INFO] Checking in modified POMs...
[INFO] Executing: cmd.exe /X /C "git add -- pom.xml"
[INFO] Working directory: d:\dev\jenkins_home\workspace\jenkins-release-test
[INFO] Executing: cmd.exe /X /C "git status"
[INFO] Working directory: d:\dev\jenkins_home\workspace\jenkins-release-test
[INFO] Tagging release with the label jenkins-release-test-4.7.1...
[INFO] Executing: cmd.exe /X /C "git tag -F D:\Temp\maven-scm-1764940311.commit jenkins-release-test-4.7.1"
[INFO] Working directory: D:\DEV\jenkins_home\workspace\jenkins-release-test
[INFO] Executing: cmd.exe /X /C "git push git@github.com:patrox/jenkins-release-test.git jenkins-release-test-4.7.1"
[INFO] Working directory: D:\DEV\jenkins_home\workspace\jenkins-release-test
[INFO] Executing: cmd.exe /X /C "git ls-files"
[INFO] Working directory: D:\DEV\jenkins_home\workspace\jenkins-release-test
[INFO] Transforming 'jenkins-release-test'...
[INFO] Not removing release POMs
[INFO] Checking in modified POMs...
[INFO] Executing: cmd.exe /X /C "git add -- pom.xml"
[INFO] Working directory: d:\dev\jenkins_home\workspace\jenkins-release-test
[INFO] Executing: cmd.exe /X /C "git status"
[INFO] Working directory: d:\dev\jenkins_home\workspace\jenkins-release-test
[INFO] Release preparation complete.
[INFO] 
[INFO] --- maven-release-plugin:2.2.2:perform (default-cli) @ jenkins-release-test ---
[INFO] Checking out the project to perform the release ...
[INFO] Executing: cmd.exe /X /C "git clone git@github.com:patrox/jenkins-release-test.git d:\dev\jenkins_home\workspace\jenkins-release-test\target\checkout"
[INFO] Working directory: d:\dev\jenkins_home\workspace\jenkins-release-test\target
[INFO] Executing: cmd.exe /X /C "git ls-remote git@github.com:patrox/jenkins-release-test.git"
[INFO] Working directory: D:\Temp
[INFO] Executing: cmd.exe /X /C "git fetch git@github.com:patrox/jenkins-release-test.git"
[INFO] Working directory: d:\dev\jenkins_home\workspace\jenkins-release-test\target\checkout
[INFO] Executing: cmd.exe /X /C "git checkout jenkins-release-test-4.7.1"
[INFO] Working directory: d:\dev\jenkins_home\workspace\jenkins-release-test\target\checkout
[INFO] Executing: cmd.exe /X /C "git ls-files"
[INFO] Working directory: d:\dev\jenkins_home\workspace\jenkins-release-test\target\checkout
[INFO] Invoking perform goals in directory d:\dev\jenkins_home\workspace\jenkins-release-test\target\checkout
[INFO] Executing goals 'deploy'...
[INFO] [INFO] Scanning for projects...
[INFO] [WARNING] 
[INFO] [WARNING] Some problems were encountered while building the effective model for com.rtr.sandbox:jenkins-release-test:jar:4.7.1-SNAPSHOT
[INFO] [WARNING] 'build.plugins.plugin.version' for org.apache.maven.plugins:maven-javadoc-plugin is missing.
[INFO] [WARNING] 'build.plugins.plugin.version' for org.apache.maven.plugins:maven-deploy-plugin is missing.
[INFO] [WARNING] 'build.plugins.plugin.version' for org.apache.maven.plugins:maven-source-plugin is missing.
[INFO] [WARNING] 
[INFO] [WARNING] It is highly recommended to fix these problems because they threaten the stability of your build.
[INFO] [WARNING] 
[INFO] [WARNING] For this reason, future Maven versions might no longer support building such malformed projects.
[INFO] [WARNING] 
[INFO] [INFO]                                                                         
[INFO] [INFO] ------------------------------------------------------------------------
[INFO] [INFO] Building jenkins-release-test 4.7.1-SNAPSHOT
[INFO] [INFO] ------------------------------------------------------------------------
[INFO] [INFO] Downloading: http://localhost:8081/nexus/content/groups/public/org/apache/maven/plugins/maven-source-plugin/maven-metadata.xml
[INFO] [INFO] Downloaded: http://localhost:8081/nexus/content/groups/public/org/apache/maven/plugins/maven-source-plugin/maven-metadata.xml (692 B at 1.4 KB/sec)
[INFO] [INFO] Downloading: http://localhost:8081/nexus/content/groups/public/org/apache/maven/plugins/maven-javadoc-plugin/maven-metadata.xml
[INFO] [INFO] Downloaded: http://localhost:8081/nexus/content/groups/public/org/apache/maven/plugins/maven-javadoc-plugin/maven-metadata.xml (782 B at 5.5 KB/sec)
[INFO] [INFO] 
[INFO] [INFO] --- maven-resources-plugin:2.6:resources (default-resources) @ jenkins-release-test ---
[INFO] [INFO] Using 'UTF-8' encoding to copy filtered resources.
[INFO] [INFO] skip non existing resourceDirectory D:\DEV\jenkins_home\workspace\jenkins-release-test\target\checkout\src\main\resources
[INFO] [INFO] 
[INFO] [INFO] --- maven-compiler-plugin:2.5.1:compile (default-compile) @ jenkins-release-test ---
[INFO] [INFO] Compiling 1 source file to D:\DEV\jenkins_home\workspace\jenkins-release-test\target\checkout\target\classes
[INFO] [INFO] 
[INFO] [INFO] --- maven-resources-plugin:2.6:testResources (default-testResources) @ jenkins-release-test ---
[INFO] [INFO] Using 'UTF-8' encoding to copy filtered resources.
[INFO] [INFO] skip non existing resourceDirectory D:\DEV\jenkins_home\workspace\jenkins-release-test\target\checkout\src\test\resources
[INFO] [INFO] 
[INFO] [INFO] --- maven-compiler-plugin:2.5.1:testCompile (default-testCompile) @ jenkins-release-test ---
[INFO] [INFO] Compiling 1 source file to D:\DEV\jenkins_home\workspace\jenkins-release-test\target\checkout\target\test-classes
[INFO] [INFO] 
[INFO] [INFO] --- maven-surefire-plugin:2.12.4:test (default-test) @ jenkins-release-test ---
[INFO] [INFO] Surefire report directory: D:\DEV\jenkins_home\workspace\jenkins-release-test\target\checkout\target\surefire-reports
[INFO] 
[INFO] -------------------------------------------------------
[INFO]  T E S T S
[INFO] -------------------------------------------------------
[INFO] Running com.rtr.sandbox.AppTest
[INFO] Tests run: 1, Failures: 0, Errors: 0, Skipped: 0, Time elapsed: 0.008 sec
[INFO] 
[INFO] Results :
[INFO] 
[INFO] Tests run: 1, Failures: 0, Errors: 0, Skipped: 0
[INFO] 
[INFO] [INFO] 
[INFO] [INFO] --- maven-jar-plugin:2.4:jar (default-jar) @ jenkins-release-test ---
[INFO] [INFO] Building jar: D:\DEV\jenkins_home\workspace\jenkins-release-test\target\checkout\target\jenkins-release-test-4.7.1-SNAPSHOT.jar
[INFO] [INFO] 
[INFO] [INFO] >>> maven-source-plugin:2.2.1:jar (attach-sources) @ jenkins-release-test >>>
[INFO] [INFO] 
[INFO] [INFO] <<< maven-source-plugin:2.2.1:jar (attach-sources) @ jenkins-release-test <<<
[INFO] [INFO] 
[INFO] [INFO] --- maven-source-plugin:2.2.1:jar (attach-sources) @ jenkins-release-test ---
[INFO] [INFO] Building jar: D:\DEV\jenkins_home\workspace\jenkins-release-test\target\checkout\target\jenkins-release-test-4.7.1-SNAPSHOT-sources.jar
[INFO] [INFO] 
[INFO] [INFO] --- maven-javadoc-plugin:2.9.1:jar (attach-javadocs) @ jenkins-release-test ---
[INFO] [INFO] 
[INFO] Loading source files for package com.rtr.sandbox...
[INFO] Constructing Javadoc information...
[INFO] Standard Doclet version 1.7.0
[INFO] Building tree for all the packages and classes...
[INFO] Generating D:\DEV\jenkins_home\workspace\jenkins-release-test\target\checkout\target\apidocs\com\rtr\sandbox\App.html...
[INFO] Generating D:\DEV\jenkins_home\workspace\jenkins-release-test\target\checkout\target\apidocs\com\rtr\sandbox\package-frame.html...
[INFO] Generating D:\DEV\jenkins_home\workspace\jenkins-release-test\target\checkout\target\apidocs\com\rtr\sandbox\package-summary.html...
[INFO] Generating D:\DEV\jenkins_home\workspace\jenkins-release-test\target\checkout\target\apidocs\com\rtr\sandbox\package-tree.html...
[INFO] Generating D:\DEV\jenkins_home\workspace\jenkins-release-test\target\checkout\target\apidocs\constant-values.html...
[INFO] Generating D:\DEV\jenkins_home\workspace\jenkins-release-test\target\checkout\target\apidocs\com\rtr\sandbox\class-use\App.html...
[INFO] Generating D:\DEV\jenkins_home\workspace\jenkins-release-test\target\checkout\target\apidocs\com\rtr\sandbox\package-use.html...
[INFO] Building index for all the packages and classes...
[INFO] Generating D:\DEV\jenkins_home\workspace\jenkins-release-test\target\checkout\target\apidocs\overview-tree.html...
[INFO] Generating D:\DEV\jenkins_home\workspace\jenkins-release-test\target\checkout\target\apidocs\index-all.html...
[INFO] Generating D:\DEV\jenkins_home\workspace\jenkins-release-test\target\checkout\target\apidocs\deprecated-list.html...
[INFO] Building index for all classes...
[INFO] Generating D:\DEV\jenkins_home\workspace\jenkins-release-test\target\checkout\target\apidocs\allclasses-frame.html...
[INFO] Generating D:\DEV\jenkins_home\workspace\jenkins-release-test\target\checkout\target\apidocs\allclasses-noframe.html...
[INFO] Generating D:\DEV\jenkins_home\workspace\jenkins-release-test\target\checkout\target\apidocs\index.html...
[INFO] Generating D:\DEV\jenkins_home\workspace\jenkins-release-test\target\checkout\target\apidocs\help-doc.html...
[INFO] [INFO] Fixed Javadoc frame injection vulnerability (CVE-2013-1571) in 1 files.
[INFO] [INFO] Building jar: D:\DEV\jenkins_home\workspace\jenkins-release-test\target\checkout\target\jenkins-release-test-4.7.1-SNAPSHOT-javadoc.jar
[INFO] [INFO] 
[INFO] [INFO] --- maven-install-plugin:2.4:install (default-install) @ jenkins-release-test ---
[INFO] [INFO] Installing D:\DEV\jenkins_home\workspace\jenkins-release-test\target\checkout\target\jenkins-release-test-4.7.1-SNAPSHOT.jar to C:\.m2\repository\com\rtr\sandbox\jenkins-release-test\4.7.1-SNAPSHOT\jenkins-release-test-4.7.1-SNAPSHOT.jar
[INFO] [INFO] Installing D:\DEV\jenkins_home\workspace\jenkins-release-test\target\checkout\pom.xml to C:\.m2\repository\com\rtr\sandbox\jenkins-release-test\4.7.1-SNAPSHOT\jenkins-release-test-4.7.1-SNAPSHOT.pom
[INFO] [INFO] Installing D:\DEV\jenkins_home\workspace\jenkins-release-test\target\checkout\target\jenkins-release-test-4.7.1-SNAPSHOT-sources.jar to C:\.m2\repository\com\rtr\sandbox\jenkins-release-test\4.7.1-SNAPSHOT\jenkins-release-test-4.7.1-SNAPSHOT-sources.jar
[INFO] [INFO] Installing D:\DEV\jenkins_home\workspace\jenkins-release-test\target\checkout\target\jenkins-release-test-4.7.1-SNAPSHOT-javadoc.jar to C:\.m2\repository\com\rtr\sandbox\jenkins-release-test\4.7.1-SNAPSHOT\jenkins-release-test-4.7.1-SNAPSHOT-javadoc.jar
[INFO] [INFO] 
[INFO] [INFO] --- maven-deploy-plugin:2.7:deploy (default-deploy) @ jenkins-release-test ---
[INFO] [INFO] Downloading: http://localhost:8081/nexus/content/repositories/snapshots/com/rtr/sandbox/jenkins-release-test/4.7.1-SNAPSHOT/maven-metadata.xml
[INFO] [INFO] Uploading: http://localhost:8081/nexus/content/repositories/snapshots/com/rtr/sandbox/jenkins-release-test/4.7.1-SNAPSHOT/jenkins-release-test-4.7.1-20140129.185232-1.jar
[INFO] [INFO] Uploaded: http://localhost:8081/nexus/content/repositories/snapshots/com/rtr/sandbox/jenkins-release-test/4.7.1-SNAPSHOT/jenkins-release-test-4.7.1-20140129.185232-1.jar (3 KB at 11.8 KB/sec)
[INFO] [INFO] Uploading: http://localhost:8081/nexus/content/repositories/snapshots/com/rtr/sandbox/jenkins-release-test/4.7.1-SNAPSHOT/jenkins-release-test-4.7.1-20140129.185232-1.pom
[INFO] [INFO] Uploaded: http://localhost:8081/nexus/content/repositories/snapshots/com/rtr/sandbox/jenkins-release-test/4.7.1-SNAPSHOT/jenkins-release-test-4.7.1-20140129.185232-1.pom (3 KB at 12.4 KB/sec)
[INFO] [INFO] Downloading: http://localhost:8081/nexus/content/repositories/snapshots/com/rtr/sandbox/jenkins-release-test/maven-metadata.xml
[INFO] [INFO] Downloaded: http://localhost:8081/nexus/content/repositories/snapshots/com/rtr/sandbox/jenkins-release-test/maven-metadata.xml (295 B at 2.7 KB/sec)
[INFO] [INFO] Uploading: http://localhost:8081/nexus/content/repositories/snapshots/com/rtr/sandbox/jenkins-release-test/4.7.1-SNAPSHOT/maven-metadata.xml
[INFO] [INFO] Uploaded: http://localhost:8081/nexus/content/repositories/snapshots/com/rtr/sandbox/jenkins-release-test/4.7.1-SNAPSHOT/maven-metadata.xml (785 B at 5.0 KB/sec)
[INFO] [INFO] Uploading: http://localhost:8081/nexus/content/repositories/snapshots/com/rtr/sandbox/jenkins-release-test/maven-metadata.xml
[INFO] [INFO] Uploaded: http://localhost:8081/nexus/content/repositories/snapshots/com/rtr/sandbox/jenkins-release-test/maven-metadata.xml (335 B at 1.8 KB/sec)
[INFO] [INFO] Uploading: http://localhost:8081/nexus/content/repositories/snapshots/com/rtr/sandbox/jenkins-release-test/4.7.1-SNAPSHOT/jenkins-release-test-4.7.1-20140129.185232-1-sources.jar
[INFO] [INFO] Uploaded: http://localhost:8081/nexus/content/repositories/snapshots/com/rtr/sandbox/jenkins-release-test/4.7.1-SNAPSHOT/jenkins-release-test-4.7.1-20140129.185232-1-sources.jar (893 B at 5.6 KB/sec)
[INFO] [INFO] Uploading: http://localhost:8081/nexus/content/repositories/snapshots/com/rtr/sandbox/jenkins-release-test/4.7.1-SNAPSHOT/maven-metadata.xml
[INFO] [INFO] Uploaded: http://localhost:8081/nexus/content/repositories/snapshots/com/rtr/sandbox/jenkins-release-test/4.7.1-SNAPSHOT/maven-metadata.xml (999 B at 6.3 KB/sec)
[INFO] [INFO] Uploading: http://localhost:8081/nexus/content/repositories/snapshots/com/rtr/sandbox/jenkins-release-test/4.7.1-SNAPSHOT/jenkins-release-test-4.7.1-20140129.185232-1-javadoc.jar
[INFO] [INFO] Uploaded: http://localhost:8081/nexus/content/repositories/snapshots/com/rtr/sandbox/jenkins-release-test/4.7.1-SNAPSHOT/jenkins-release-test-4.7.1-20140129.185232-1-javadoc.jar (36 KB at 90.9 KB/sec)
[INFO] [INFO] Uploading: http://localhost:8081/nexus/content/repositories/snapshots/com/rtr/sandbox/jenkins-release-test/4.7.1-SNAPSHOT/maven-metadata.xml
[INFO] [INFO] Uploaded: http://localhost:8081/nexus/content/repositories/snapshots/com/rtr/sandbox/jenkins-release-test/4.7.1-SNAPSHOT/maven-metadata.xml (2 KB at 6.5 KB/sec)
[INFO] [INFO] ------------------------------------------------------------------------
[INFO] [INFO] BUILD SUCCESS
[INFO] [INFO] ------------------------------------------------------------------------
[INFO] [INFO] Total time: 17.179s
[INFO] [INFO] Finished at: Wed Jan 29 19:52:34 CET 2014
[INFO] [INFO] Final Memory: 26M/224M
[INFO] [INFO] ------------------------------------------------------------------------
[INFO] Cleaning up after release...
[INFO] ------------------------------------------------------------------------
[INFO] BUILD SUCCESS
[INFO] ------------------------------------------------------------------------
[INFO] Total time: 55.460s
[INFO] Finished at: Wed Jan 29 19:52:35 CET 2014
[INFO] Final Memory: 16M/121M
[INFO] ------------------------------------------------------------------------
[JENKINS] Archiving d:\dev\jenkins_home\workspace\jenkins-release-test\pom.xml to com.rtr.sandbox/jenkins-release-test/4.7.1-SNAPSHOT/jenkins-release-test-4.7.1-SNAPSHOT.pom
channel stopped
[M2Release] assigning keep build to current build.
Finished: SUCCESS